<?xml version="1.0" encoding="UTF-8"?>
<!-- Generated by org.testng.reporters.JUnitXMLReporter -->
<testsuite hostname="Bens-TwoInOne" ignored="1" name="InitialTest" tests="6" failures="1" timestamp="30 Jul 2019 19:23:08 GMT" time="57.859" errors="0">
  <testcase name="confirmHomePage" time="0.068" classname="com.revature.testNg.MercuryTours"/>
  <testcase name="exceptionTest" time="0.002" classname="com.revature.testNg.MercuryTours"/>
  <testcase name="logIntoMercuryTours" time="4.442" classname="com.revature.testNg.MercuryTours"/>
  <testcase name="confirmHomePage" time="0.009" classname="com.revature.testNg.MercuryToursAdvanced"/>
  <testcase name="dataDrivenLogin" time="0.0" classname="com.revature.testNg.MercuryToursAdvanced">
    <failure type="org.testng.TestNGException" message="
Cannot inject @Test annotated Method [dataDrivenLogin] with [class java.lang.String, class java.lang.String].
For more information on native dependency injection please refer to http://testng.org/doc/documentation-main.html#native-dependency-injection">
      <![CDATA[org.testng.TestNGException: 
Cannot inject @Test annotated Method [dataDrivenLogin] with [class java.lang.String, class java.lang.String].
For more information on native dependency injection please refer to http://testng.org/doc/documentation-main.html#native-dependency-injection
... Removed 24 stack frames]]>
    </failure>
  </testcase> <!-- dataDrivenLogin -->
  <testcase name="logIntoMercuryTours" time="4.329" classname="com.revature.testNg.MercuryToursAdvanced"/>
  <testcase name="skipThisMethod" time="0.0" classname="com.revature.testNg.MercuryTours">
    <ignored/>
  </testcase> <!-- skipThisMethod -->
</testsuite> <!-- InitialTest -->
